2025-09-18 14:36:53,964 [Worker-1: Loading available Gradle versions] INFO  o.e.b.c.i.u.g.PublishedGradleVersions - Gradle version information cache is not available. Remote download required.
2025-09-18 14:38:20,747 [Worker-12: Import Getting Started Content] INFO  o.e.m.c.i.l.LifecycleMappingFactory - Using org.eclipse.m2e.jdt.JarLifecycleMapping lifecycle mapping for MavenProject: com.example:Video_Proctoring_Backend:0.0.1-SNAPSHOT @ E:\JAVA Prac\Video_Proctoring_Bankend\Video_Proctoring_Backend\pom.xml.
2025-09-18 14:38:28,898 [Worker-12: Import Getting Started Content] INFO  o.e.m.j.i.AbstractJavaProjectConfigurator - Adding source folder /Video_Proctoring_Backend/src/main/java
2025-09-18 14:38:28,900 [Worker-12: Import Getting Started Content] INFO  o.e.m.j.i.AbstractJavaProjectConfigurator - Adding resource folder /Video_Proctoring_Backend/src/main/resources
2025-09-18 14:38:29,046 [Worker-12: Import Getting Started Content] INFO  o.e.m.j.i.AbstractJavaProjectConfigurator - Adding resource folder /Video_Proctoring_Backend/src/main/resources
2025-09-18 14:38:29,049 [Worker-12: Import Getting Started Content] INFO  o.e.m.j.i.AbstractJavaProjectConfigurator - Adding source folder /Video_Proctoring_Backend/src/test/java
2025-09-18 14:38:29,049 [Worker-12: Import Getting Started Content] INFO  o.e.m.j.i.AbstractJavaProjectConfigurator - Adding resource folder /Video_Proctoring_Backend/src/test/resources
2025-09-18 14:38:41,177 [Worker-12: Import Getting Started Content] INFO  o.e.m.c.i.p.ProjectConfigurationManager - Imported and configured 1 project(s) in 25 sec
2025-09-18 14:38:41,180 [Worker-12: Import Getting Started Content] INFO  o.e.m.c.i.p.ProjectConfigurationManager - Update started
2025-09-18 14:38:41,572 [Worker-12: Import Getting Started Content] INFO  o.e.m.c.i.l.LifecycleMappingFactory - Using org.eclipse.m2e.jdt.JarLifecycleMapping lifecycle mapping for MavenProject: com.example:Video_Proctoring_Backend:0.0.1-SNAPSHOT @ E:\JAVA Prac\Video_Proctoring_Bankend\Video_Proctoring_Backend\pom.xml.
2025-09-18 14:38:42,079 [Worker-12: Import Getting Started Content] INFO  o.e.m.j.i.AbstractJavaProjectConfigurator - Adding source folder /Video_Proctoring_Backend/src/main/java
2025-09-18 14:38:42,080 [Worker-12: Import Getting Started Content] INFO  o.e.m.j.i.AbstractJavaProjectConfigurator - Adding resource folder /Video_Proctoring_Backend/src/main/resources
2025-09-18 14:38:42,081 [Worker-12: Import Getting Started Content] INFO  o.e.m.j.i.AbstractJavaProjectConfigurator - Adding resource folder /Video_Proctoring_Backend/src/main/resources
2025-09-18 14:38:42,081 [Worker-12: Import Getting Started Content] INFO  o.e.m.j.i.AbstractJavaProjectConfigurator - Adding source folder /Video_Proctoring_Backend/src/test/java
2025-09-18 14:38:42,082 [Worker-12: Import Getting Started Content] INFO  o.e.m.j.i.AbstractJavaProjectConfigurator - Adding resource folder /Video_Proctoring_Backend/src/test/resources
2025-09-18 14:38:42,361 [Worker-12: Import Getting Started Content] INFO  o.e.m.c.i.p.ProjectConfigurationManager - Update completed for 1 poms: local refresh takes 0.00 sec, refresh facades takes 0.00 sec, update config takes 0.00 sec 
2025-09-18 14:38:43,639 [Worker-7: Building] INFO  o.a.m.s.f.DefaultMavenResourcesFiltering - Copying 1 resource from src\main\resources to target\classes
2025-09-18 14:38:43,676 [Worker-7: Building] INFO  o.a.m.s.f.DefaultMavenResourcesFiltering - Copying 0 resource from src\main\resources to target\classes
2025-09-18 14:38:43,681 [Worker-7: Building] INFO  o.a.m.s.f.DefaultMavenResourcesFiltering - skip non existing resourceDirectory E:\JAVA Prac\Video_Proctoring_Bankend\Video_Proctoring_Backend\src\test\resources
2025-09-18 14:44:06,122 [Worker-12: Building] INFO  o.a.m.s.f.DefaultMavenResourcesFiltering - Copying 1 resource from src\main\resources to target\classes
2025-09-18 14:44:06,130 [Worker-12: Building] INFO  o.a.m.s.f.DefaultMavenResourcesFiltering - Copying 0 resource from src\main\resources to target\classes
2025-09-18 14:44:06,136 [Worker-12: Building] INFO  o.a.m.s.f.DefaultMavenResourcesFiltering - skip non existing resourceDirectory E:\JAVA Prac\Video_Proctoring_Bankend\Video_Proctoring_Backend\src\test\resources
2025-09-18 14:44:33,532 [Worker-0: Building] INFO  o.e.m.c.i.l.LifecycleMappingFactory - Using org.eclipse.m2e.jdt.JarLifecycleMapping lifecycle mapping for MavenProject: com.tutedude:video-proctoring-system:1.0.0 @ E:\JAVA Prac\Video_Proctoring_Bankend\Video_Proctoring_Backend\pom.xml.
2025-09-18 14:44:34,110 [Worker-0: Building] INFO  o.a.m.s.f.DefaultMavenResourcesFiltering - Copying 0 resource from src\main\resources to target\classes
2025-09-18 14:44:34,111 [Worker-0: Building] INFO  o.a.m.s.f.DefaultMavenResourcesFiltering - Copying 0 resource from src\main\resources to target\classes
2025-09-18 14:44:34,117 [Worker-0: Building] INFO  o.a.m.s.f.DefaultMavenResourcesFiltering - skip non existing resourceDirectory E:\JAVA Prac\Video_Proctoring_Bankend\Video_Proctoring_Backend\src\test\resources
2025-09-18 14:44:34,977 [Worker-0: Updating Maven Project] INFO  o.e.m.c.i.p.ProjectConfigurationManager - Update started
2025-09-18 14:44:35,279 [Worker-0: Updating Maven Project] INFO  o.e.m.c.i.l.LifecycleMappingFactory - Using org.eclipse.m2e.jdt.JarLifecycleMapping lifecycle mapping for MavenProject: com.tutedude:video-proctoring-system:1.0.0 @ E:\JAVA Prac\Video_Proctoring_Bankend\Video_Proctoring_Backend\pom.xml.
2025-09-18 14:44:36,813 [Worker-0: Updating Maven Project] INFO  o.e.m.j.i.AbstractJavaProjectConfigurator - Adding source folder /Video_Proctoring_Backend/src/main/java
2025-09-18 14:44:36,813 [Worker-0: Updating Maven Project] INFO  o.e.m.j.i.AbstractJavaProjectConfigurator - Adding resource folder /Video_Proctoring_Backend/src/main/resources
2025-09-18 14:44:36,814 [Worker-0: Updating Maven Project] INFO  o.e.m.j.i.AbstractJavaProjectConfigurator - Adding resource folder /Video_Proctoring_Backend/src/main/resources
2025-09-18 14:44:36,814 [Worker-0: Updating Maven Project] INFO  o.e.m.j.i.AbstractJavaProjectConfigurator - Adding source folder /Video_Proctoring_Backend/src/test/java
2025-09-18 14:44:36,815 [Worker-0: Updating Maven Project] INFO  o.e.m.j.i.AbstractJavaProjectConfigurator - Adding resource folder /Video_Proctoring_Backend/src/test/resources
2025-09-18 14:44:37,184 [Worker-0: Updating Maven Project] INFO  o.e.m.c.i.p.ProjectConfigurationManager - Update completed for 1 poms: local refresh takes 0.00 sec, refresh facades takes 1.00 sec, update config takes 0.00 sec 
2025-09-18 14:44:37,506 [Worker-0: Building] INFO  o.a.m.s.f.DefaultMavenResourcesFiltering - Copying 1 resource from src\main\resources to target\classes
2025-09-18 14:44:37,518 [Worker-0: Building] INFO  o.a.m.s.f.DefaultMavenResourcesFiltering - Copying 0 resource from src\main\resources to target\classes
2025-09-18 14:44:37,522 [Worker-0: Building] INFO  o.a.m.s.f.DefaultMavenResourcesFiltering - skip non existing resourceDirectory E:\JAVA Prac\Video_Proctoring_Bankend\Video_Proctoring_Backend\src\test\resources
2025-09-18 14:44:45,995 [Worker-15: Building] INFO  o.a.m.s.f.DefaultMavenResourcesFiltering - Copying 1 resource from src\main\resources to target\classes
2025-09-18 14:44:46,003 [Worker-15: Building] INFO  o.a.m.s.f.DefaultMavenResourcesFiltering - Copying 0 resource from src\main\resources to target\classes
2025-09-18 14:44:46,006 [Worker-15: Building] INFO  o.a.m.s.f.DefaultMavenResourcesFiltering - skip non existing resourceDirectory E:\JAVA Prac\Video_Proctoring_Bankend\Video_Proctoring_Backend\src\test\resources
2025-09-18 14:44:52,845 [Worker-14: Building] INFO  o.a.m.s.f.DefaultMavenResourcesFiltering - Copying 1 resource from src\main\resources to target\classes
2025-09-18 14:44:52,851 [Worker-14: Building] INFO  o.a.m.s.f.DefaultMavenResourcesFiltering - Copying 0 resource from src\main\resources to target\classes
2025-09-18 14:44:52,853 [Worker-14: Building] INFO  o.a.m.s.f.DefaultMavenResourcesFiltering - skip non existing resourceDirectory E:\JAVA Prac\Video_Proctoring_Bankend\Video_Proctoring_Backend\src\test\resources
2025-09-18 14:45:20,425 [Worker-14: Building] INFO  o.a.m.s.f.DefaultMavenResourcesFiltering - Copying 1 resource from src\main\resources to target\classes
2025-09-18 14:45:20,431 [Worker-14: Building] INFO  o.a.m.s.f.DefaultMavenResourcesFiltering - Copying 0 resource from src\main\resources to target\classes
2025-09-18 14:45:20,435 [Worker-14: Building] INFO  o.a.m.s.f.DefaultMavenResourcesFiltering - skip non existing resourceDirectory E:\JAVA Prac\Video_Proctoring_Bankend\Video_Proctoring_Backend\src\test\resources
2025-09-18 14:46:16,481 [Worker-0: Building] INFO  o.a.m.s.f.DefaultMavenResourcesFiltering - Copying 1 resource from src\main\resources to target\classes
2025-09-18 14:46:16,487 [Worker-0: Building] INFO  o.a.m.s.f.DefaultMavenResourcesFiltering - Copying 0 resource from src\main\resources to target\classes
2025-09-18 14:46:16,490 [Worker-0: Building] INFO  o.a.m.s.f.DefaultMavenResourcesFiltering - skip non existing resourceDirectory E:\JAVA Prac\Video_Proctoring_Bankend\Video_Proctoring_Backend\src\test\resources
2025-09-18 14:46:32,724 [Worker-0: Building] INFO  o.a.m.s.f.DefaultMavenResourcesFiltering - Copying 1 resource from src\main\resources to target\classes
2025-09-18 14:46:32,729 [Worker-0: Building] INFO  o.a.m.s.f.DefaultMavenResourcesFiltering - Copying 0 resource from src\main\resources to target\classes
2025-09-18 14:46:32,731 [Worker-0: Building] INFO  o.a.m.s.f.DefaultMavenResourcesFiltering - skip non existing resourceDirectory E:\JAVA Prac\Video_Proctoring_Bankend\Video_Proctoring_Backend\src\test\resources
2025-09-18 14:46:49,022 [Worker-0: Building] INFO  o.a.m.s.f.DefaultMavenResourcesFiltering - Copying 1 resource from src\main\resources to target\classes
2025-09-18 14:46:49,027 [Worker-0: Building] INFO  o.a.m.s.f.DefaultMavenResourcesFiltering - Copying 0 resource from src\main\resources to target\classes
2025-09-18 14:46:49,030 [Worker-0: Building] INFO  o.a.m.s.f.DefaultMavenResourcesFiltering - skip non existing resourceDirectory E:\JAVA Prac\Video_Proctoring_Bankend\Video_Proctoring_Backend\src\test\resources
2025-09-18 14:47:47,143 [Worker-11: Building] INFO  o.a.m.s.f.DefaultMavenResourcesFiltering - Copying 1 resource from src\main\resources to target\classes
2025-09-18 14:47:47,148 [Worker-11: Building] INFO  o.a.m.s.f.DefaultMavenResourcesFiltering - Copying 0 resource from src\main\resources to target\classes
2025-09-18 14:47:47,151 [Worker-11: Building] INFO  o.a.m.s.f.DefaultMavenResourcesFiltering - skip non existing resourceDirectory E:\JAVA Prac\Video_Proctoring_Bankend\Video_Proctoring_Backend\src\test\resources
2025-09-18 14:48:07,795 [Worker-14: Building] INFO  o.a.m.s.f.DefaultMavenResourcesFiltering - Copying 1 resource from src\main\resources to target\classes
2025-09-18 14:48:07,801 [Worker-14: Building] INFO  o.a.m.s.f.DefaultMavenResourcesFiltering - Copying 0 resource from src\main\resources to target\classes
2025-09-18 14:48:07,805 [Worker-14: Building] INFO  o.a.m.s.f.DefaultMavenResourcesFiltering - skip non existing resourceDirectory E:\JAVA Prac\Video_Proctoring_Bankend\Video_Proctoring_Backend\src\test\resources
2025-09-18 14:48:23,219 [Worker-15: Building] INFO  o.a.m.s.f.DefaultMavenResourcesFiltering - Copying 1 resource from src\main\resources to target\classes
2025-09-18 14:48:23,220 [Worker-15: Building] INFO  o.a.m.s.f.DefaultMavenResourcesFiltering - Copying 0 resource from src\main\resources to target\classes
2025-09-18 14:48:23,222 [Worker-15: Building] INFO  o.a.m.s.f.DefaultMavenResourcesFiltering - skip non existing resourceDirectory E:\JAVA Prac\Video_Proctoring_Bankend\Video_Proctoring_Backend\src\test\resources
2025-09-18 14:48:35,138 [Worker-16: Updating Maven Project] INFO  o.e.m.c.i.p.ProjectConfigurationManager - Update started
2025-09-18 14:48:35,408 [Worker-16: Updating Maven Project] INFO  o.e.m.c.i.l.LifecycleMappingFactory - Using org.eclipse.m2e.jdt.JarLifecycleMapping lifecycle mapping for MavenProject: com.tutedude:video-proctoring-system:1.0.0 @ E:\JAVA Prac\Video_Proctoring_Bankend\Video_Proctoring_Backend\pom.xml.
2025-09-18 14:48:35,959 [Worker-16: Updating Maven Project] INFO  o.e.m.j.i.AbstractJavaProjectConfigurator - Adding source folder /Video_Proctoring_Backend/src/main/java
2025-09-18 14:48:35,960 [Worker-16: Updating Maven Project] INFO  o.e.m.j.i.AbstractJavaProjectConfigurator - Adding resource folder /Video_Proctoring_Backend/src/main/resources
2025-09-18 14:48:35,960 [Worker-16: Updating Maven Project] INFO  o.e.m.j.i.AbstractJavaProjectConfigurator - Adding resource folder /Video_Proctoring_Backend/src/main/resources
2025-09-18 14:48:35,960 [Worker-16: Updating Maven Project] INFO  o.e.m.j.i.AbstractJavaProjectConfigurator - Adding source folder /Video_Proctoring_Backend/src/test/java
2025-09-18 14:48:35,961 [Worker-16: Updating Maven Project] INFO  o.e.m.j.i.AbstractJavaProjectConfigurator - Adding resource folder /Video_Proctoring_Backend/src/test/resources
2025-09-18 14:48:36,221 [Worker-16: Updating Maven Project] INFO  o.e.m.c.i.p.ProjectConfigurationManager - Update completed for 1 poms: local refresh takes 0.00 sec, refresh facades takes 0.00 sec, update config takes 0.00 sec 
2025-09-18 14:48:36,534 [Worker-16: Building] INFO  o.a.m.s.f.DefaultMavenResourcesFiltering - Copying 1 resource from src\main\resources to target\classes
2025-09-18 14:48:36,553 [Worker-16: Building] INFO  o.a.m.s.f.DefaultMavenResourcesFiltering - Copying 0 resource from src\main\resources to target\classes
2025-09-18 14:48:36,557 [Worker-16: Building] INFO  o.a.m.s.f.DefaultMavenResourcesFiltering - skip non existing resourceDirectory E:\JAVA Prac\Video_Proctoring_Bankend\Video_Proctoring_Backend\src\test\resources
2025-09-18 14:49:30,108 [main] INFO  o.e.m2e.actions.ExecutePomAction - Creating new launch configuration
2025-09-18 14:49:54,703 [Worker-14: Launching Video_Proctoring_Backend] INFO  o.eclipse.m2e.core.internal.Bundles - getClasspathEntries(Bundle=org.eclipse.m2e.maven.runtime_3.9.900.20250220-2013 [361])
2025-09-18 14:49:54,703 [Worker-14: Launching Video_Proctoring_Backend] INFO  o.eclipse.m2e.core.internal.Bundles - 	Entry: E:\STS_4.29.1\sts-4.29.1.RELEASE\plugins\org.eclipse.m2e.maven.runtime_3.9.900.20250220-2013
2025-09-18 14:49:54,705 [Worker-14: Launching Video_Proctoring_Backend] INFO  o.eclipse.m2e.core.internal.Bundles - 	Entry: E:\STS_4.29.1\sts-4.29.1.RELEASE\plugins\org.eclipse.m2e.maven.runtime_3.9.900.20250220-2013\jars\aopalliance-1.0.jar
2025-09-18 14:49:54,705 [Worker-14: Launching Video_Proctoring_Backend] INFO  o.eclipse.m2e.core.internal.Bundles - 	Entry: E:\STS_4.29.1\sts-4.29.1.RELEASE\plugins\org.eclipse.m2e.maven.runtime_3.9.900.20250220-2013\jars\guice-5.1.0.jar
2025-09-18 14:49:54,705 [Worker-14: Launching Video_Proctoring_Backend] INFO  o.eclipse.m2e.core.internal.Bundles - 	Entry: E:\STS_4.29.1\sts-4.29.1.RELEASE\plugins\org.eclipse.m2e.maven.runtime_3.9.900.20250220-2013\jars\httpclient-4.5.14.jar
2025-09-18 14:49:54,705 [Worker-14: Launching Video_Proctoring_Backend] INFO  o.eclipse.m2e.core.internal.Bundles - 	Entry: E:\STS_4.29.1\sts-4.29.1.RELEASE\plugins\org.eclipse.m2e.maven.runtime_3.9.900.20250220-2013\jars\httpcore-4.4.16.jar
2025-09-18 14:49:54,705 [Worker-14: Launching Video_Proctoring_Backend] INFO  o.eclipse.m2e.core.internal.Bundles - 	Entry: E:\STS_4.29.1\sts-4.29.1.RELEASE\plugins\org.eclipse.m2e.maven.runtime_3.9.900.20250220-2013\jars\jansi-2.4.1.jar
2025-09-18 14:49:54,705 [Worker-14: Launching Video_Proctoring_Backend] INFO  o.eclipse.m2e.core.internal.Bundles - 	Entry: E:\STS_4.29.1\sts-4.29.1.RELEASE\plugins\org.eclipse.m2e.maven.runtime_3.9.900.20250220-2013\jars\jcl-over-slf4j-1.7.36.jar
2025-09-18 14:49:54,705 [Worker-14: Launching Video_Proctoring_Backend] INFO  o.eclipse.m2e.core.internal.Bundles - 	Entry: E:\STS_4.29.1\sts-4.29.1.RELEASE\plugins\org.eclipse.m2e.maven.runtime_3.9.900.20250220-2013\jars\maven-artifact-3.9.9.jar
2025-09-18 14:49:54,705 [Worker-14: Launching Video_Proctoring_Backend] INFO  o.eclipse.m2e.core.internal.Bundles - 	Entry: E:\STS_4.29.1\sts-4.29.1.RELEASE\plugins\org.eclipse.m2e.maven.runtime_3.9.900.20250220-2013\jars\maven-builder-support-3.9.9.jar
2025-09-18 14:49:54,705 [Worker-14: Launching Video_Proctoring_Backend] INFO  o.eclipse.m2e.core.internal.Bundles - 	Entry: E:\STS_4.29.1\sts-4.29.1.RELEASE\plugins\org.eclipse.m2e.maven.runtime_3.9.900.20250220-2013\jars\maven-compat-3.9.9.jar
2025-09-18 14:49:54,705 [Worker-14: Launching Video_Proctoring_Backend] INFO  o.eclipse.m2e.core.internal.Bundles - 	Entry: E:\STS_4.29.1\sts-4.29.1.RELEASE\plugins\org.eclipse.m2e.maven.runtime_3.9.900.20250220-2013\jars\maven-core-3.9.9.jar
2025-09-18 14:49:54,705 [Worker-14: Launching Video_Proctoring_Backend] INFO  o.eclipse.m2e.core.internal.Bundles - 	Entry: E:\STS_4.29.1\sts-4.29.1.RELEASE\plugins\org.eclipse.m2e.maven.runtime_3.9.900.20250220-2013\jars\maven-embedder-3.9.9.jar
2025-09-18 14:49:54,705 [Worker-14: Launching Video_Proctoring_Backend] INFO  o.eclipse.m2e.core.internal.Bundles - 	Entry: E:\STS_4.29.1\sts-4.29.1.RELEASE\plugins\org.eclipse.m2e.maven.runtime_3.9.900.20250220-2013\jars\maven-model-3.9.9.jar
2025-09-18 14:49:54,705 [Worker-14: Launching Video_Proctoring_Backend] INFO  o.eclipse.m2e.core.internal.Bundles - 	Entry: E:\STS_4.29.1\sts-4.29.1.RELEASE\plugins\org.eclipse.m2e.maven.runtime_3.9.900.20250220-2013\jars\maven-model-builder-3.9.9.jar
2025-09-18 14:49:54,705 [Worker-14: Launching Video_Proctoring_Backend] INFO  o.eclipse.m2e.core.internal.Bundles - 	Entry: E:\STS_4.29.1\sts-4.29.1.RELEASE\plugins\org.eclipse.m2e.maven.runtime_3.9.900.20250220-2013\jars\maven-plugin-api-3.9.9.jar
2025-09-18 14:49:54,705 [Worker-14: Launching Video_Proctoring_Backend] INFO  o.eclipse.m2e.core.internal.Bundles - 	Entry: E:\STS_4.29.1\sts-4.29.1.RELEASE\plugins\org.eclipse.m2e.maven.runtime_3.9.900.20250220-2013\jars\maven-repository-metadata-3.9.9.jar
2025-09-18 14:49:54,705 [Worker-14: Launching Video_Proctoring_Backend] INFO  o.eclipse.m2e.core.internal.Bundles - 	Entry: E:\STS_4.29.1\sts-4.29.1.RELEASE\plugins\org.eclipse.m2e.maven.runtime_3.9.900.20250220-2013\jars\maven-resolver-api-1.9.22.jar
2025-09-18 14:49:54,705 [Worker-14: Launching Video_Proctoring_Backend] INFO  o.eclipse.m2e.core.internal.Bundles - 	Entry: E:\STS_4.29.1\sts-4.29.1.RELEASE\plugins\org.eclipse.m2e.maven.runtime_3.9.900.20250220-2013\jars\maven-resolver-connector-basic-1.9.22.jar
2025-09-18 14:49:54,705 [Worker-14: Launching Video_Proctoring_Backend] INFO  o.eclipse.m2e.core.internal.Bundles - 	Entry: E:\STS_4.29.1\sts-4.29.1.RELEASE\plugins\org.eclipse.m2e.maven.runtime_3.9.900.20250220-2013\jars\maven-resolver-impl-1.9.22.jar
2025-09-18 14:49:54,705 [Worker-14: Launching Video_Proctoring_Backend] INFO  o.eclipse.m2e.core.internal.Bundles - 	Entry: E:\STS_4.29.1\sts-4.29.1.RELEASE\plugins\org.eclipse.m2e.maven.runtime_3.9.900.20250220-2013\jars\maven-resolver-named-locks-1.9.22.jar
2025-09-18 14:49:54,705 [Worker-14: Launching Video_Proctoring_Backend] INFO  o.eclipse.m2e.core.internal.Bundles - 	Entry: E:\STS_4.29.1\sts-4.29.1.RELEASE\plugins\org.eclipse.m2e.maven.runtime_3.9.900.20250220-2013\jars\maven-resolver-provider-3.9.9.jar
2025-09-18 14:49:54,705 [Worker-14: Launching Video_Proctoring_Backend] INFO  o.eclipse.m2e.core.internal.Bundles - 	Entry: E:\STS_4.29.1\sts-4.29.1.RELEASE\plugins\org.eclipse.m2e.maven.runtime_3.9.900.20250220-2013\jars\maven-resolver-spi-1.9.22.jar
2025-09-18 14:49:54,705 [Worker-14: Launching Video_Proctoring_Backend] INFO  o.eclipse.m2e.core.internal.Bundles - 	Entry: E:\STS_4.29.1\sts-4.29.1.RELEASE\plugins\org.eclipse.m2e.maven.runtime_3.9.900.20250220-2013\jars\maven-resolver-transport-file-1.9.22.jar
2025-09-18 14:49:54,705 [Worker-14: Launching Video_Proctoring_Backend] INFO  o.eclipse.m2e.core.internal.Bundles - 	Entry: E:\STS_4.29.1\sts-4.29.1.RELEASE\plugins\org.eclipse.m2e.maven.runtime_3.9.900.20250220-2013\jars\maven-resolver-transport-http-1.9.22.jar
2025-09-18 14:49:54,705 [Worker-14: Launching Video_Proctoring_Backend] INFO  o.eclipse.m2e.core.internal.Bundles - 	Entry: E:\STS_4.29.1\sts-4.29.1.RELEASE\plugins\org.eclipse.m2e.maven.runtime_3.9.900.20250220-2013\jars\maven-resolver-transport-wagon-1.9.22.jar
2025-09-18 14:49:54,705 [Worker-14: Launching Video_Proctoring_Backend] INFO  o.eclipse.m2e.core.internal.Bundles - 	Entry: E:\STS_4.29.1\sts-4.29.1.RELEASE\plugins\org.eclipse.m2e.maven.runtime_3.9.900.20250220-2013\jars\maven-resolver-util-1.9.22.jar
2025-09-18 14:49:54,705 [Worker-14: Launching Video_Proctoring_Backend] INFO  o.eclipse.m2e.core.internal.Bundles - 	Entry: E:\STS_4.29.1\sts-4.29.1.RELEASE\plugins\org.eclipse.m2e.maven.runtime_3.9.900.20250220-2013\jars\maven-settings-3.9.9.jar
2025-09-18 14:49:54,705 [Worker-14: Launching Video_Proctoring_Backend] INFO  o.eclipse.m2e.core.internal.Bundles - 	Entry: E:\STS_4.29.1\sts-4.29.1.RELEASE\plugins\org.eclipse.m2e.maven.runtime_3.9.900.20250220-2013\jars\maven-settings-builder-3.9.9.jar
2025-09-18 14:49:54,705 [Worker-14: Launching Video_Proctoring_Backend] INFO  o.eclipse.m2e.core.internal.Bundles - 	Entry: E:\STS_4.29.1\sts-4.29.1.RELEASE\plugins\org.eclipse.m2e.maven.runtime_3.9.900.20250220-2013\jars\maven-shared-utils-3.4.2.jar
2025-09-18 14:49:54,705 [Worker-14: Launching Video_Proctoring_Backend] INFO  o.eclipse.m2e.core.internal.Bundles - 	Entry: E:\STS_4.29.1\sts-4.29.1.RELEASE\plugins\org.eclipse.m2e.maven.runtime_3.9.900.20250220-2013\jars\org.eclipse.sisu.inject-0.9.0.M3.jar
2025-09-18 14:49:54,705 [Worker-14: Launching Video_Proctoring_Backend] INFO  o.eclipse.m2e.core.internal.Bundles - 	Entry: E:\STS_4.29.1\sts-4.29.1.RELEASE\plugins\org.eclipse.m2e.maven.runtime_3.9.900.20250220-2013\jars\org.eclipse.sisu.plexus-0.9.0.M3.jar
2025-09-18 14:49:54,705 [Worker-14: Launching Video_Proctoring_Backend] INFO  o.eclipse.m2e.core.internal.Bundles - 	Entry: E:\STS_4.29.1\sts-4.29.1.RELEASE\plugins\org.eclipse.m2e.maven.runtime_3.9.900.20250220-2013\jars\plexus-build-api-0.0.7.jar
2025-09-18 14:49:54,705 [Worker-14: Launching Video_Proctoring_Backend] INFO  o.eclipse.m2e.core.internal.Bundles - 	Entry: E:\STS_4.29.1\sts-4.29.1.RELEASE\plugins\org.eclipse.m2e.maven.runtime_3.9.900.20250220-2013\jars\plexus-build-api-1.2.0.jar
2025-09-18 14:49:54,705 [Worker-14: Launching Video_Proctoring_Backend] INFO  o.eclipse.m2e.core.internal.Bundles - 	Entry: E:\STS_4.29.1\sts-4.29.1.RELEASE\plugins\org.eclipse.m2e.maven.runtime_3.9.900.20250220-2013\jars\plexus-cipher-2.0.jar
2025-09-18 14:49:54,705 [Worker-14: Launching Video_Proctoring_Backend] INFO  o.eclipse.m2e.core.internal.Bundles - 	Entry: E:\STS_4.29.1\sts-4.29.1.RELEASE\plugins\org.eclipse.m2e.maven.runtime_3.9.900.20250220-2013\jars\plexus-classworlds-2.8.0.jar
2025-09-18 14:49:54,707 [Worker-14: Launching Video_Proctoring_Backend] INFO  o.eclipse.m2e.core.internal.Bundles - 	Entry: E:\STS_4.29.1\sts-4.29.1.RELEASE\plugins\org.eclipse.m2e.maven.runtime_3.9.900.20250220-2013\jars\plexus-component-annotations-2.1.0.jar
2025-09-18 14:49:54,707 [Worker-14: Launching Video_Proctoring_Backend] INFO  o.eclipse.m2e.core.internal.Bundles - 	Entry: E:\STS_4.29.1\sts-4.29.1.RELEASE\plugins\org.eclipse.m2e.maven.runtime_3.9.900.20250220-2013\jars\plexus-interpolation-1.27.jar
2025-09-18 14:49:54,707 [Worker-14: Launching Video_Proctoring_Backend] INFO  o.eclipse.m2e.core.internal.Bundles - 	Entry: E:\STS_4.29.1\sts-4.29.1.RELEASE\plugins\org.eclipse.m2e.maven.runtime_3.9.900.20250220-2013\jars\plexus-sec-dispatcher-2.0.jar
2025-09-18 14:49:54,707 [Worker-14: Launching Video_Proctoring_Backend] INFO  o.eclipse.m2e.core.internal.Bundles - 	Entry: E:\STS_4.29.1\sts-4.29.1.RELEASE\plugins\org.eclipse.m2e.maven.runtime_3.9.900.20250220-2013\jars\plexus-utils-3.5.1.jar
2025-09-18 14:49:54,707 [Worker-14: Launching Video_Proctoring_Backend] INFO  o.eclipse.m2e.core.internal.Bundles - 	Entry: E:\STS_4.29.1\sts-4.29.1.RELEASE\plugins\org.eclipse.m2e.maven.runtime_3.9.900.20250220-2013\jars\plexus-xml-3.0.1.jar
2025-09-18 14:49:54,707 [Worker-14: Launching Video_Proctoring_Backend] INFO  o.eclipse.m2e.core.internal.Bundles - 	Entry: E:\STS_4.29.1\sts-4.29.1.RELEASE\plugins\org.eclipse.m2e.maven.runtime_3.9.900.20250220-2013\jars\wagon-file-3.5.3.jar
2025-09-18 14:49:54,707 [Worker-14: Launching Video_Proctoring_Backend] INFO  o.eclipse.m2e.core.internal.Bundles - 	Entry: E:\STS_4.29.1\sts-4.29.1.RELEASE\plugins\org.eclipse.m2e.maven.runtime_3.9.900.20250220-2013\jars\wagon-http-3.5.3.jar
2025-09-18 14:49:54,707 [Worker-14: Launching Video_Proctoring_Backend] INFO  o.eclipse.m2e.core.internal.Bundles - 	Entry: E:\STS_4.29.1\sts-4.29.1.RELEASE\plugins\org.eclipse.m2e.maven.runtime_3.9.900.20250220-2013\jars\wagon-http-shared-3.5.3.jar
2025-09-18 14:49:54,707 [Worker-14: Launching Video_Proctoring_Backend] INFO  o.eclipse.m2e.core.internal.Bundles - 	Entry: E:\STS_4.29.1\sts-4.29.1.RELEASE\plugins\org.eclipse.m2e.maven.runtime_3.9.900.20250220-2013\jars\wagon-provider-api-3.5.3.jar
2025-09-18 14:49:54,707 [Worker-14: Launching Video_Proctoring_Backend] INFO  o.eclipse.m2e.core.internal.Bundles - getClasspathEntries(Bundle=com.google.guava_33.4.0.jre [29])
2025-09-18 14:49:54,707 [Worker-14: Launching Video_Proctoring_Backend] INFO  o.eclipse.m2e.core.internal.Bundles - 	Entry: E:\STS_4.29.1\sts-4.29.1.RELEASE\plugins\com.google.guava_33.4.0.jre.jar
2025-09-18 14:49:54,707 [Worker-14: Launching Video_Proctoring_Backend] INFO  o.eclipse.m2e.core.internal.Bundles - getClasspathEntries(Bundle=slf4j.api_2.0.17 [608])
2025-09-18 14:49:54,707 [Worker-14: Launching Video_Proctoring_Backend] INFO  o.eclipse.m2e.core.internal.Bundles - 	Entry: E:\STS_4.29.1\sts-4.29.1.RELEASE\plugins\slf4j.api_2.0.17.jar
2025-09-18 14:49:54,707 [Worker-14: Launching Video_Proctoring_Backend] INFO  o.eclipse.m2e.core.internal.Bundles - getClasspathEntries(Bundle=jakarta.inject.jakarta.inject-api_1.0.5 [45])
2025-09-18 14:49:54,707 [Worker-14: Launching Video_Proctoring_Backend] INFO  o.eclipse.m2e.core.internal.Bundles - 	Entry: E:\STS_4.29.1\sts-4.29.1.RELEASE\plugins\jakarta.inject.jakarta.inject-api_1.0.5.jar
2025-09-18 14:49:54,707 [Worker-14: Launching Video_Proctoring_Backend] INFO  o.eclipse.m2e.core.internal.Bundles - getClasspathEntries(Bundle=jakarta.annotation-api_1.3.5 [41])
2025-09-18 14:49:54,709 [Worker-14: Launching Video_Proctoring_Backend] INFO  o.eclipse.m2e.core.internal.Bundles - 	Entry: E:\STS_4.29.1\sts-4.29.1.RELEASE\plugins\jakarta.annotation-api_1.3.5.jar
2025-09-18 14:49:54,709 [Worker-14: Launching Video_Proctoring_Backend] INFO  o.eclipse.m2e.core.internal.Bundles - getClasspathEntries(Bundle=org.apache.commons.cli_1.9.0 [77])
2025-09-18 14:49:54,709 [Worker-14: Launching Video_Proctoring_Backend] INFO  o.eclipse.m2e.core.internal.Bundles - 	Entry: E:\STS_4.29.1\sts-4.29.1.RELEASE\plugins\org.apache.commons.cli_1.9.0.jar
2025-09-18 14:49:54,709 [Worker-14: Launching Video_Proctoring_Backend] INFO  o.eclipse.m2e.core.internal.Bundles - getClasspathEntries(Bundle=org.apache.commons.commons-codec_1.16.0 [79])
2025-09-18 14:49:54,709 [Worker-14: Launching Video_Proctoring_Backend] INFO  o.eclipse.m2e.core.internal.Bundles - 	Entry: E:\STS_4.29.1\sts-4.29.1.RELEASE\plugins\org.apache.commons.commons-codec_1.16.0.jar
2025-09-18 14:49:54,709 [Worker-14: Launching Video_Proctoring_Backend] INFO  o.eclipse.m2e.core.internal.Bundles - getClasspathEntries(Bundle=com.google.guava.failureaccess_1.0.2 [30])
2025-09-18 14:49:54,709 [Worker-14: Launching Video_Proctoring_Backend] INFO  o.eclipse.m2e.core.internal.Bundles - 	Entry: E:\STS_4.29.1\sts-4.29.1.RELEASE\plugins\com.google.guava.failureaccess_1.0.2.jar
2025-09-18 14:49:54,710 [Worker-14: Launching Video_Proctoring_Backend] INFO  o.e.m.i.launch.MavenLaunchDelegate - Run build in "E:\JAVA Prac\Video_Proctoring_Bankend\Video_Proctoring_Backend":
2025-09-18 14:49:54,710 [Worker-14: Launching Video_Proctoring_Backend] INFO  o.e.m.i.launch.MavenLaunchDelegate -  mvn  -Ppom.xml -B -Dstyle.color=always clean package
2025-09-18 14:51:47,102 [Worker-0: Building] INFO  o.a.m.s.f.DefaultMavenResourcesFiltering - Copying 1 resource from src\main\resources to target\classes
2025-09-18 14:51:47,106 [Worker-0: Building] INFO  o.a.m.s.f.DefaultMavenResourcesFiltering - Copying 0 resource from src\main\resources to target\classes
2025-09-18 14:51:47,109 [Worker-0: Building] INFO  o.a.m.s.f.DefaultMavenResourcesFiltering - skip non existing resourceDirectory E:\JAVA Prac\Video_Proctoring_Bankend\Video_Proctoring_Backend\src\test\resources
2025-09-18 14:53:58,875 [Worker-0: Building] INFO  o.a.m.s.f.DefaultMavenResourcesFiltering - Copying 1 resource from src\main\resources to target\classes
2025-09-18 14:53:58,877 [Worker-0: Building] INFO  o.a.m.s.f.DefaultMavenResourcesFiltering - Copying 0 resource from src\main\resources to target\classes
2025-09-18 14:53:58,882 [Worker-0: Building] INFO  o.a.m.s.f.DefaultMavenResourcesFiltering - skip non existing resourceDirectory E:\JAVA Prac\Video_Proctoring_Bankend\Video_Proctoring_Backend\src\test\resources
